#
# A fatal error has been detected by the Java Runtime Environment:
#
#  SIGBUS (0xa) at pc=0x00000001059caeb9, pid=8975, tid=41235
#
# JRE version: Java(TM) SE Runtime Environment (8.0_71-b15) (build 1.8.0_71-b15)
# Java VM: Java HotSpot(TM) 64-Bit Server VM (25.71-b15 mixed mode bsd-amd64 compressed oops)
# Problematic frame:
# C  [libzip.dylib+0x2eb9]  newEntry+0x154
#
# Failed to write core dump. Core dumps have been disabled. To enable core dumping, try "ulimit -c unlimited" before starting Java again
#
# If you would like to submit a bug report, please visit:
#   http://bugreport.java.com/bugreport/crash.jsp
# The crash happened outside the Java Virtual Machine in native code.
# See problematic frame for where to report the bug.
#

---------------  T H R E A D  ---------------

Current thread (0x00007fd84a099000):  JavaThread "AWT-EventQueue-0" [_thread_in_native, id=41235, stack(0x00007000012d6000,0x00007000013d6000)]

siginfo: si_signo: 10 (SIGBUS), si_code: 2 (BUS_ADRERR), si_addr: 0x000000011e435393

Registers:
RAX=0x00007fd848532ae0, RBX=0x000000011e435387, RCX=0x0000000000000500, RDX=0x0000000000000000
RSP=0x00007000013d3560, RBP=0x00007000013d35c0, RSI=0x00007fd84d200000, RDI=0x00000001056e8e00
R8 =0x0000000000000004, R9 =0x00000000ffffff80, R10=0x0000000107417518, R11=0x00006ff86ba6c2a6
R12=0x00007fd84907d800, R13=0x0000000000000280, R14=0x000000005aae23e4, R15=0x00007fd84d1a6db0
RIP=0x00000001059caeb9, EFLAGS=0x0000000000010206, ERR=0x0000000000000004
  TRAPNO=0x000000000000000e

Top of Stack: (sp=0x00007000013d3560)
0x00007000013d3560:   00007000013d35c0 00000000059cb4df
0x00007000013d3570:   00007000013d35ee 00007000013d35ed
0x00007000013d3580:   00007000013d35a0 00007fd848532ae0
0x00007000013d3590:   00007fd84d255620 00007fd848532ae0
0x00007000013d35a0:   00007fd84907d800 0000000000000280
0x00007000013d35b0:   000000005aae23e4 00007fd84d1a6db0
0x00007000013d35c0:   00007000013d3620 00000001059cb554
0x00007000013d35d0:   00007000013d364d 00007000013d364c
0x00007000013d35e0:   0000000d00000000 0000000e01099000
0x00007000013d35f0:   00007000013d363e 00007000013d3a88
0x00007000013d3600:   000000000000000e 00007000013d363e
0x00007000013d3610:   00007fd848532ae0 00007fd84a0991f8
0x00007000013d3620:   00007000013d3a70 00000001059ca34f
0x00007000013d3630:   000000011b3e21b0 6349000100000001
0x00007000013d3640:   79616c702f736e6f 00007f00676e702e
0x00007000013d3650:   00007fd81b6891e8 00007000013d3688
0x00007000013d3660:   00007000013d3d68 00007fd848720f28
0x00007000013d3670:   00007000013d3ce0 000000011b33a1a8
0x00007000013d3680:   00007fd81b475c10 00007000013d47f0
0x00007000013d3690:   000000010761a84c 000000011b6499e8
0x00007000013d36a0:   000000041b689248 00007000013d48f8
0x00007000013d36b0:   00007000013d47f0 00007fd84a099000
0x00007000013d36c0:   000000011b6891e8 00007fd81b671480
0x00007000013d36d0:   000000011b5a2830 00007fd81b5a2910
0x00007000013d36e0:   000000011b689208 00007fd81b6498e8
0x00007000013d36f0:   0000700076516478 000070001b643a00
0x00007000013d3700:   000000011b6499c8 00000001765bc7a0
0x00007000013d3710:   000000011b643b20 000000011b689148
0x00007000013d3720:   000000011b142068 000070001b689228
0x00007000013d3730:   000070001b56b168 000070001b649948
0x00007000013d3740:   00000001765d3778 000000011b475c10
0x00007000013d3750:   00007000013d3890 000000011b649868 

Instructions: (pc=0x00000001059caeb9)
0x00000001059cae99:   49 8b 7f 38 e8 50 1b 00 00 4d 89 77 38 49 89 5f
0x00000001059caea9:   40 4c 89 f0 48 85 c0 0f 84 11 05 00 00 48 89 c3
0x00000001059caeb9:   0f b6 43 0c 0f b6 4b 0d 48 c1 e1 08 48 01 c1 0f
0x00000001059caec9:   b6 43 0e 0f b6 53 0f 48 c1 e2 08 48 01 c2 48 c1 

Register to memory mapping:

RAX=0x00007fd848532ae0 is an unknown value
RBX=0x000000011e435387 is an unknown value
RCX=0x0000000000000500 is an unknown value
RDX=0x0000000000000000 is an unknown value
RSP=0x00007000013d3560 is pointing into the stack for thread: 0x00007fd84a099000
RBP=0x00007000013d35c0 is pointing into the stack for thread: 0x00007fd84a099000
RSI=0x00007fd84d200000 is an unknown value
RDI=0x00000001056e8e00 is an unknown value
R8 =0x0000000000000004 is an unknown value
R9 =0x00000000ffffff80 is an unknown value
R10=0x0000000107417518 is at entry_point+88 in (nmethod*)0x0000000107417350
R11=0x00006ff86ba6c2a6 is an unknown value
R12=0x00007fd84907d800 is an unknown value
R13=0x0000000000000280 is an unknown value
R14=0x000000005aae23e4 is an unknown value
R15=0x00007fd84d1a6db0 is an unknown value


Stack: [0x00007000012d6000,0x00007000013d6000],  sp=0x00007000013d3560,  free space=1013k
Native frames: (J=compiled Java code, j=interpreted, Vv=VM code, C=native code)
C  [libzip.dylib+0x2eb9]  newEntry+0x154
C  [libzip.dylib+0x3554]  ZIP_GetEntry2+0xd4
C  [libzip.dylib+0x234f]  Java_java_util_zip_ZipFile_getEntry+0xcf
J 661  java.util.zip.ZipFile.getEntry(J[BZ)J (0 bytes) @ 0x000000010741758e [0x00000001074174c0+0xce]
J 651 C1 java.util.zip.ZipFile.getEntry(Ljava/lang/String;)Ljava/util/zip/ZipEntry; (86 bytes) @ 0x000000010740ef8c [0x000000010740ed20+0x26c]
J 650 C1 java.util.jar.JarFile.getEntry(Ljava/lang/String;)Ljava/util/zip/ZipEntry; (22 bytes) @ 0x000000010740e724 [0x000000010740e6a0+0x84]
J 303 C1 sun.misc.URLClassPath$JarLoader.getResource(Ljava/lang/String;Z)Lsun/misc/Resource; (85 bytes) @ 0x00000001073441ec [0x0000000107343d80+0x46c]
J 691 C1 sun.misc.URLClassPath$JarLoader.findResource(Ljava/lang/String;Z)Ljava/net/URL; (18 bytes) @ 0x000000010742779c [0x0000000107427720+0x7c]
j  sun.misc.URLClassPath.findResource(Ljava/lang/String;Z)Ljava/net/URL;+26
j  java.net.URLClassLoader$2.run()Ljava/net/URL;+12
j  java.net.URLClassLoader$2.run()Ljava/lang/Object;+1
v  ~StubRoutines::call_stub
V  [libjvm.dylib+0x2ea59a]  JavaCalls::call_helper(JavaValue*, methodHandle*, JavaCallArguments*, Thread*)+0x6ae
V  [libjvm.dylib+0x34aac4]  JVM_DoPrivileged+0x4b8
J 514  java.security.AccessController.doPrivileged(Ljava/security/PrivilegedAction;Ljava/security/AccessControlContext;)Ljava/lang/Object; (0 bytes) @ 0x00000001073c5cd5 [0x00000001073c5c00+0xd5]
j  java.net.URLClassLoader.findResource(Ljava/lang/String;)Ljava/net/URL;+13
j  java.lang.ClassLoader.getResource(Ljava/lang/String;)Ljava/net/URL;+30
j  java.lang.Class.getResource(Ljava/lang/String;)Ljava/net/URL;+22
j  gui.ControlBar.<init>(Lmain/SequenceController;)V+79
J 1505 C2 java.awt.EventQueue$3.run()Ljava/lang/Object; (5 bytes) @ 0x00000001076412e4 [0x000000010763fc20+0x16c4]
v  ~StubRoutines::call_stub
V  [libjvm.dylib+0x2ea59a]  JavaCalls::call_helper(JavaValue*, methodHandle*, JavaCallArguments*, Thread*)+0x6ae
V  [libjvm.dylib+0x34aac4]  JVM_DoPrivileged+0x4b8
J 514  java.security.AccessController.doPrivileged(Ljava/security/PrivilegedAction;Ljava/security/AccessControlContext;)Ljava/lang/Object; (0 bytes) @ 0x00000001073c5cd5 [0x00000001073c5c00+0xd5]
J 1502 C2 java.awt.EventQueue.dispatchEvent(Ljava/awt/AWTEvent;)V (80 bytes) @ 0x00000001073fdfb8 [0x00000001073fdbe0+0x3d8]
J 1504 C2 java.awt.EventDispatchThread.pumpOneEventForFilters(I)V (295 bytes) @ 0x0000000107632fc8 [0x00000001076322c0+0xd08]
j  java.awt.EventDispatchThread.pumpEventsForFilter(ILjava/awt/Conditional;Ljava/awt/EventFilter;)V+35
j  java.awt.EventDispatchThread.pumpEventsForHierarchy(ILjava/awt/Conditional;Ljava/awt/Component;)V+11
j  java.awt.EventDispatchThread.pumpEvents(ILjava/awt/Conditional;)V+4
j  java.awt.EventDispatchThread.pumpEvents(Ljava/awt/Conditional;)V+3
j  java.awt.EventDispatchThread.run()V+9
v  ~StubRoutines::call_stub
V  [libjvm.dylib+0x2ea59a]  JavaCalls::call_helper(JavaValue*, methodHandle*, JavaCallArguments*, Thread*)+0x6ae
V  [libjvm.dylib+0x2ead28]  JavaCalls::call_virtual(JavaValue*, KlassHandle, Symbol*, Symbol*, JavaCallArguments*, Thread*)+0x164
V  [libjvm.dylib+0x2eaed4]  JavaCalls::call_virtual(JavaValue*, Handle, KlassHandle, Symbol*, Symbol*, Thread*)+0x4a
V  [libjvm.dylib+0x345451]  thread_entry(JavaThread*, Thread*)+0x7c
V  [libjvm.dylib+0x560e73]  JavaThread::thread_main_inner()+0x9b
V  [libjvm.dylib+0x56256e]  JavaThread::run()+0x1c2
V  [libjvm.dylib+0x482fc2]  java_start(Thread*)+0xf6
C  [libsystem_pthread.dylib+0x3c13]  _pthread_body+0x83
C  [libsystem_pthread.dylib+0x3b90]  _pthread_body+0x0
C  [libsystem_pthread.dylib+0x1375]  thread_start+0xd
C  0x0000000000000000

Java frames: (J=compiled Java code, j=interpreted, Vv=VM code)
J 661  java.util.zip.ZipFile.getEntry(J[BZ)J (0 bytes) @ 0x0000000107417518 [0x00000001074174c0+0x58]
J 651 C1 java.util.zip.ZipFile.getEntry(Ljava/lang/String;)Ljava/util/zip/ZipEntry; (86 bytes) @ 0x000000010740ef8c [0x000000010740ed20+0x26c]
J 650 C1 java.util.jar.JarFile.getEntry(Ljava/lang/String;)Ljava/util/zip/ZipEntry; (22 bytes) @ 0x000000010740e724 [0x000000010740e6a0+0x84]
J 303 C1 sun.misc.URLClassPath$JarLoader.getResource(Ljava/lang/String;Z)Lsun/misc/Resource; (85 bytes) @ 0x00000001073441ec [0x0000000107343d80+0x46c]
J 691 C1 sun.misc.URLClassPath$JarLoader.findResource(Ljava/lang/String;Z)Ljava/net/URL; (18 bytes) @ 0x000000010742779c [0x0000000107427720+0x7c]
j  sun.misc.URLClassPath.findResource(Ljava/lang/String;Z)Ljava/net/URL;+26
j  java.net.URLClassLoader$2.run()Ljava/net/URL;+12
j  java.net.URLClassLoader$2.run()Ljava/lang/Object;+1
v  ~StubRoutines::call_stub
J 514  java.security.AccessController.doPrivileged(Ljava/security/PrivilegedAction;Ljava/security/AccessControlContext;)Ljava/lang/Object; (0 bytes) @ 0x00000001073c5c63 [0x00000001073c5c00+0x63]
j  java.net.URLClassLoader.findResource(Ljava/lang/String;)Ljava/net/URL;+13
j  java.lang.ClassLoader.getResource(Ljava/lang/String;)Ljava/net/URL;+30
j  java.lang.Class.getResource(Ljava/lang/String;)Ljava/net/URL;+22
j  gui.ControlBar.<init>(Lmain/SequenceController;)V+79
J 1505 C2 java.awt.EventQueue$3.run()Ljava/lang/Object; (5 bytes) @ 0x00000001076412e4 [0x000000010763fc20+0x16c4]
v  ~StubRoutines::call_stub
J 514  java.security.AccessController.doPrivileged(Ljava/security/PrivilegedAction;Ljava/security/AccessControlContext;)Ljava/lang/Object; (0 bytes) @ 0x00000001073c5c63 [0x00000001073c5c00+0x63]
J 1502 C2 java.awt.EventQueue.dispatchEvent(Ljava/awt/AWTEvent;)V (80 bytes) @ 0x00000001073fdfb8 [0x00000001073fdbe0+0x3d8]
J 1504 C2 java.awt.EventDispatchThread.pumpOneEventForFilters(I)V (295 bytes) @ 0x0000000107632fc8 [0x00000001076322c0+0xd08]
j  java.awt.EventDispatchThread.pumpEventsForFilter(ILjava/awt/Conditional;Ljava/awt/EventFilter;)V+35
j  java.awt.EventDispatchThread.pumpEventsForHierarchy(ILjava/awt/Conditional;Ljava/awt/Component;)V+11
j  java.awt.EventDispatchThread.pumpEvents(ILjava/awt/Conditional;)V+4
j  java.awt.EventDispatchThread.pumpEvents(Ljava/awt/Conditional;)V+3
j  java.awt.EventDispatchThread.run()V+9
v  ~StubRoutines::call_stub

---------------  P R O C E S S  ---------------

Java Threads: ( => current thread )
  0x00007fd8494df000 JavaThread "Thread-4" [_thread_in_native, id=68611, stack(0x0000700001996000,0x0000700001a96000)]
  0x00007fd849075000 JavaThread "Thread-3" [_thread_in_native, id=68099, stack(0x0000700001893000,0x0000700001993000)]
  0x00007fd8498e9000 JavaThread "JNativeHook Hook Thread" [_thread_in_native, id=64275, stack(0x0000700001790000,0x0000700001890000)]
  0x00007fd848c47800 JavaThread "TimerQueue" daemon [_thread_blocked, id=63171, stack(0x000070000168d000,0x000070000178d000)]
  0x00007fd8491f7000 JavaThread "Java2D Disposer" daemon [_thread_blocked, id=54035, stack(0x0000700001507000,0x0000700001607000)]
  0x00007fd8498a0000 JavaThread "Java2D Queue Flusher" daemon [_thread_blocked, id=50951, stack(0x0000700001404000,0x0000700001504000)]
  0x00007fd849009000 JavaThread "process reaper" daemon [_thread_in_native, id=49411, stack(0x00007000013d9000,0x0000700001401000)]
  0x00007fd84a0c8000 JavaThread "DestroyJavaVM" [_thread_blocked, id=5891, stack(0x000070000011a000,0x000070000021a000)]
=>0x00007fd84a099000 JavaThread "AWT-EventQueue-0" [_thread_in_native, id=41235, stack(0x00007000012d6000,0x00007000013d6000)]
  0x00007fd8491c2000 JavaThread "AWT-Shutdown" [_thread_blocked, id=29715, stack(0x0000700001150000,0x0000700001250000)]
  0x00007fd84a063000 JavaThread "AppKit Thread" daemon [_thread_in_native, id=2571, stack(0x00007fff59d37000,0x00007fff5a537000)]
  0x00007fd84888f800 JavaThread "Service Thread" daemon [_thread_blocked, id=18691, stack(0x0000700000e44000,0x0000700000f44000)]
  0x00007fd84883b000 JavaThread "C1 CompilerThread2" daemon [_thread_blocked, id=18179, stack(0x0000700000d41000,0x0000700000e41000)]
  0x00007fd849035800 JavaThread "C2 CompilerThread1" daemon [_thread_blocked, id=17667, stack(0x0000700000c3e000,0x0000700000d3e000)]
  0x00007fd849034000 JavaThread "C2 CompilerThread0" daemon [_thread_blocked, id=17155, stack(0x0000700000b3b000,0x0000700000c3b000)]
  0x00007fd849023800 JavaThread "Signal Dispatcher" daemon [_thread_blocked, id=13839, stack(0x0000700000a38000,0x0000700000b38000)]
  0x00007fd848861000 JavaThread "Finalizer" daemon [_thread_blocked, id=12291, stack(0x000070000082f000,0x000070000092f000)]
  0x00007fd848860000 JavaThread "Reference Handler" daemon [_thread_blocked, id=11779, stack(0x000070000072c000,0x000070000082c000)]

Other Threads:
  0x00007fd84885d800 VMThread [stack: 0x0000700000629000,0x0000700000729000] [id=11267]
  0x00007fd848833800 WatcherThread [stack: 0x0000700000f47000,0x0000700001047000] [id=19203]

VM state:not at safepoint (normal execution)

VM Mutex/Monitor currently owned by a thread: None

Heap:
 PSYoungGen      total 38400K, used 9501K [0x0000000795580000, 0x0000000798000000, 0x00000007c0000000)
  eden space 33280K, 13% used [0x0000000795580000,0x00000007959c7db8,0x0000000797600000)
  from space 5120K, 99% used [0x0000000797600000,0x0000000797aff880,0x0000000797b00000)
  to   space 5120K, 0% used [0x0000000797b00000,0x0000000797b00000,0x0000000798000000)
 ParOldGen       total 87552K, used 361K [0x0000000740000000, 0x0000000745580000, 0x0000000795580000)
  object space 87552K, 0% used [0x0000000740000000,0x000000074005a678,0x0000000745580000)
 Metaspace       used 13196K, capacity 13450K, committed 13824K, reserved 1060864K
  class space    used 1611K, capacity 1693K, committed 1792K, reserved 1048576K

Card table byte_map: [0x000000011654f000,0x0000000116950000] byte_map_base: 0x0000000112b4f000

Marking Bits: (ParMarkBitMap*) 0x0000000106ae3ea0
 Begin Bits: [0x0000000116bfb000, 0x0000000118bfb000)
 End Bits:   [0x0000000118bfb000, 0x000000011abfb000)

Polling page: 0x00000001059be000

CodeCache: size=245760Kb used=4794Kb max_used=4815Kb free=240965Kb
 bounds [0x000000010718f000, 0x000000010765f000, 0x000000011618f000]
 total_blobs=1992 nmethods=1456 adapters=449
 compilation: enabled

Compilation events (10 events):
Event: 578.822 Thread 0x00007fd849034000 nmethod 1505 0x000000010763f250 code [0x000000010763fc20, 0x00000001076453a0]
Event: 584.540 Thread 0x00007fd84883b000 1506       3       java.lang.Thread::getName (13 bytes)
Event: 584.541 Thread 0x00007fd84883b000 nmethod 1506 0x000000010741c850 code [0x000000010741c9c0, 0x000000010741cc50]
Event: 592.544 Thread 0x00007fd849034000 1507       4       java.lang.String::indexOf (7 bytes)
Event: 592.548 Thread 0x00007fd849034000 nmethod 1507 0x00000001073d05d0 code [0x00000001073d0720, 0x00000001073d0898]
Event: 600.095 Thread 0x00007fd849035800 1508       4       java.io.Writer::write (11 bytes)
Event: 600.103 Thread 0x00007fd849035800 nmethod 1508 0x000000010729f010 code [0x000000010729f180, 0x000000010729f718]
Event: 606.270 Thread 0x00007fd84883b000 1509       3       java.awt.Container::adjustDescendants (21 bytes)
Event: 606.271 Thread 0x00007fd84883b000 nmethod 1509 0x0000000107332f90 code [0x0000000107333100, 0x0000000107333368]
Event: 606.271 Thread 0x00007fd84883b000 1510       3       javax.swing.ArrayTable::put (193 bytes)

GC Heap History (2 events):
Event: 500.088 GC heap before
{Heap before GC invocations=1 (full 0):
 PSYoungGen      total 38400K, used 33280K [0x0000000795580000, 0x0000000798000000, 0x00000007c0000000)
  eden space 33280K, 100% used [0x0000000795580000,0x0000000797600000,0x0000000797600000)
  from space 5120K, 0% used [0x0000000797b00000,0x0000000797b00000,0x0000000798000000)
  to   space 5120K, 0% used [0x0000000797600000,0x0000000797600000,0x0000000797b00000)
 ParOldGen       total 87552K, used 0K [0x0000000740000000, 0x0000000745580000, 0x0000000795580000)
  object space 87552K, 0% used [0x0000000740000000,0x0000000740000000,0x0000000745580000)
 Metaspace       used 13181K, capacity 13450K, committed 13824K, reserved 1060864K
  class space    used 1611K, capacity 1693K, committed 1792K, reserved 1048576K
Event: 500.137 GC heap after
Heap after GC invocations=1 (full 0):
 PSYoungGen      total 38400K, used 5118K [0x0000000795580000, 0x0000000798000000, 0x00000007c0000000)
  eden space 33280K, 0% used [0x0000000795580000,0x0000000795580000,0x0000000797600000)
  from space 5120K, 99% used [0x0000000797600000,0x0000000797aff880,0x0000000797b00000)
  to   space 5120K, 0% used [0x0000000797b00000,0x0000000797b00000,0x0000000798000000)
 ParOldGen       total 87552K, used 361K [0x0000000740000000, 0x0000000745580000, 0x0000000795580000)
  object space 87552K, 0% used [0x0000000740000000,0x000000074005a678,0x0000000745580000)
 Metaspace       used 13181K, capacity 13450K, committed 13824K, reserved 1060864K
  class space    used 1611K, capacity 1693K, committed 1792K, reserved 1048576K
}

Deoptimization events (6 events):
Event: 2.817 Thread 0x00007fd84a099000 Uncommon trap: reason=class_check action=maybe_recompile pc=0x00000001072fced8 method=java.lang.String.equals(Ljava/lang/Object;)Z @ 8
Event: 2.819 Thread 0x00007fd84a099000 Uncommon trap: reason=class_check action=maybe_recompile pc=0x00000001072fced8 method=java.lang.String.equals(Ljava/lang/Object;)Z @ 8
Event: 2.820 Thread 0x00007fd84a099000 Uncommon trap: reason=class_check action=maybe_recompile pc=0x00000001072fced8 method=java.lang.String.equals(Ljava/lang/Object;)Z @ 8
Event: 2.820 Thread 0x00007fd84a099000 Uncommon trap: reason=class_check action=maybe_recompile pc=0x00000001072fced8 method=java.lang.String.equals(Ljava/lang/Object;)Z @ 8
Event: 2.979 Thread 0x00007fd84a099000 Uncommon trap: reason=unstable_if action=reinterpret pc=0x000000010735e420 method=java.lang.CharacterData.of(I)Ljava/lang/CharacterData; @ 4
Event: 6.483 Thread 0x00007fd84a099000 Uncommon trap: reason=unstable_if action=reinterpret pc=0x000000010735c998 method=java.lang.String.indexOf([CII[CIII)I @ 3

Internal exceptions (10 events):
Event: 0.176 Thread 0x00007fd849009000 Exception <a 'java/security/PrivilegedActionException'> (0x00000007957890a8) thrown at [/Users/java_re/workspace/8-2-build-macosx-x86_64/jdk8u71/5731/hotspot/src/share/vm/prims/jvm.cpp, line 1386]
Event: 0.176 Thread 0x00007fd849009000 Exception <a 'java/security/PrivilegedActionException'> (0x00000007957892b8) thrown at [/Users/java_re/workspace/8-2-build-macosx-x86_64/jdk8u71/5731/hotspot/src/share/vm/prims/jvm.cpp, line 1386]
Event: 0.198 Thread 0x00007fd849009000 Exception <a 'java/security/PrivilegedActionException'> (0x00000007957b4ab0) thrown at [/Users/java_re/workspace/8-2-build-macosx-x86_64/jdk8u71/5731/hotspot/src/share/vm/prims/jvm.cpp, line 1386]
Event: 0.198 Thread 0x00007fd849009000 Exception <a 'java/security/PrivilegedActionException'> (0x00000007957b4cc0) thrown at [/Users/java_re/workspace/8-2-build-macosx-x86_64/jdk8u71/5731/hotspot/src/share/vm/prims/jvm.cpp, line 1386]
Event: 0.198 Thread 0x00007fd849009000 Exception <a 'java/security/PrivilegedActionException'> (0x00000007957b7f60) thrown at [/Users/java_re/workspace/8-2-build-macosx-x86_64/jdk8u71/5731/hotspot/src/share/vm/prims/jvm.cpp, line 1386]
Event: 0.198 Thread 0x00007fd849009000 Exception <a 'java/security/PrivilegedActionException'> (0x00000007957b8170) thrown at [/Users/java_re/workspace/8-2-build-macosx-x86_64/jdk8u71/5731/hotspot/src/share/vm/prims/jvm.cpp, line 1386]
Event: 0.276 Thread 0x00007fd849009000 Exception <a 'java/lang/NoSuchFieldError': method resolution failed> (0x0000000795886d88) thrown at [/Users/java_re/workspace/8-2-build-macosx-x86_64/jdk8u71/5731/hotspot/src/share/vm/prims/methodHandles.cpp, line 1146]
Event: 0.280 Thread 0x00007fd849009000 Exception <a 'java/lang/NoSuchFieldError': method resolution failed> (0x0000000795894558) thrown at [/Users/java_re/workspace/8-2-build-macosx-x86_64/jdk8u71/5731/hotspot/src/share/vm/prims/methodHandles.cpp, line 1146]
Event: 0.606 Thread 0x00007fd849009000 Exception <a 'java/io/FileNotFoundException'> (0x0000000795910858) thrown at [/Users/java_re/workspace/8-2-build-macosx-x86_64/jdk8u71/5731/hotspot/src/share/vm/prims/jni.cpp, line 709]
Event: 0.607 Thread 0x00007fd849009000 Exception <a 'java/io/FileNotFoundException'> (0x00000007959113a8) thrown at [/Users/java_re/workspace/8-2-build-macosx-x86_64/jdk8u71/5731/hotspot/src/share/vm/prims/jni.cpp, line 709]

Events (10 events):
Event: 500.157 Executing VM operation: RevokeBias done
Event: 500.157 Executing VM operation: RevokeBias
Event: 500.157 Executing VM operation: RevokeBias done
Event: 500.157 Executing VM operation: RevokeBias
Event: 500.157 Executing VM operation: RevokeBias done
Event: 500.157 Thread 0x00007fd84883b000 flushing nmethod 0x00000001073cbb50
Event: 500.158 Executing VM operation: RevokeBias
Event: 500.158 Executing VM operation: RevokeBias done
Event: 500.158 Thread 0x00007fd84883b000 flushing nmethod 0x00000001073fb750
Event: 500.161 Thread 0x00007fd84883b000 flushing nmethod 0x000000010741d590


Dynamic libraries:
0x000000000474a000 	/System/Library/Frameworks/Cocoa.framework/Versions/A/Cocoa
0x000000000474a000 	/System/Library/Frameworks/Security.framework/Versions/A/Security
0x000000000474a000 	/System/Library/Frameworks/ApplicationServices.framework/Versions/A/ApplicationServices
0x000000000474a000 	/usr/lib/libz.1.dylib
0x000000000474a000 	/usr/lib/libSystem.B.dylib
0x000000000474a000 	/usr/lib/libobjc.A.dylib
0x000000000474a000 	/System/Library/Frameworks/CoreFoundation.framework/Versions/A/CoreFoundation
0x000000000474a000 	/System/Library/Frameworks/Foundation.framework/Versions/C/Foundation
0x000000000474a000 	/System/Library/Frameworks/AppKit.framework/Versions/C/AppKit
0x000000000474a000 	/System/Library/Frameworks/CoreData.framework/Versions/A/CoreData
0x000000000474a000 	/System/Library/PrivateFrameworks/RemoteViewServices.framework/Versions/A/RemoteViewServices
0x000000000474a000 	/System/Library/PrivateFrameworks/UIFoundation.framework/Versions/A/UIFoundation
0x000000000474a000 	/usr/lib/libScreenReader.dylib
0x000000000474a000 	/System/Library/Frameworks/Accelerate.framework/Versions/A/Accelerate
0x000000000474a000 	/System/Library/Frameworks/IOSurface.framework/Versions/A/IOSurface
0x000000000474a000 	/System/Library/Frameworks/AudioToolbox.framework/Versions/A/AudioToolbox
0x000000000474a000 	/System/Library/Frameworks/AudioUnit.framework/Versions/A/AudioUnit
0x000000000474a000 	/System/Library/PrivateFrameworks/DataDetectorsCore.framework/Versions/A/DataDetectorsCore
0x000000000474a000 	/System/Library/PrivateFrameworks/DesktopServicesPriv.framework/Versions/A/DesktopServicesPriv
0x000000000474a000 	/System/Library/Frameworks/Carbon.framework/Versions/A/Frameworks/HIToolbox.framework/Versions/A/HIToolbox
0x000000000474a000 	/System/Library/Frameworks/QuartzCore.framework/Versions/A/QuartzCore
0x000000000474a000 	/System/Library/Frameworks/Carbon.framework/Versions/A/Frameworks/SpeechRecognition.framework/Versions/A/SpeechRecognition
0x000000000474a000 	/usr/lib/libauto.dylib
0x000000000474a000 	/usr/lib/libicucore.A.dylib
0x000000000474a000 	/usr/lib/libxml2.2.dylib
0x000000000474a000 	/System/Library/PrivateFrameworks/CoreUI.framework/Versions/A/CoreUI
0x000000000474a000 	/System/Library/Frameworks/CoreAudio.framework/Versions/A/CoreAudio
0x000000000474a000 	/System/Library/Frameworks/DiskArbitration.framework/Versions/A/DiskArbitration
0x000000000474a000 	/usr/lib/liblangid.dylib
0x000000000474a000 	/System/Library/PrivateFrameworks/MultitouchSupport.framework/Versions/A/MultitouchSupport
0x000000000474a000 	/System/Library/Frameworks/IOKit.framework/Versions/A/IOKit
0x000000000474a000 	/usr/lib/libDiagnosticMessagesClient.dylib
0x000000000474a000 	/System/Library/Frameworks/CoreServices.framework/Versions/A/CoreServices
0x000000000474a000 	/System/Library/PrivateFrameworks/PerformanceAnalysis.framework/Versions/A/PerformanceAnalysis
0x000000000474a000 	/System/Library/PrivateFrameworks/GenerationalStorage.framework/Versions/A/GenerationalStorage
0x000000000474a000 	/System/Library/Frameworks/OpenGL.framework/Versions/A/OpenGL
0x000000000474a000 	/System/Library/PrivateFrameworks/Sharing.framework/Versions/A/Sharing
0x000000000474a000 	/System/Library/Frameworks/CoreGraphics.framework/Versions/A/CoreGraphics
0x000000000474a000 	/System/Library/Frameworks/CoreImage.framework/Versions/A/CoreImage
0x000000000474a000 	/System/Library/Frameworks/CoreText.framework/Versions/A/CoreText
0x000000000474a000 	/System/Library/Frameworks/ImageIO.framework/Versions/A/ImageIO
0x000000000474a000 	/System/Library/PrivateFrameworks/Backup.framework/Versions/A/Backup
0x000000000474a000 	/usr/lib/libextension.dylib
0x000000000474a000 	/usr/lib/libarchive.2.dylib
0x000000000474a000 	/System/Library/Frameworks/CFNetwork.framework/Versions/A/CFNetwork
0x000000000474a000 	/System/Library/Frameworks/SystemConfiguration.framework/Versions/A/SystemConfiguration
0x000000000474a000 	/usr/lib/libCRFSuite.dylib
0x000000000474a000 	/usr/lib/libc++.1.dylib
0x000000000474a000 	/usr/lib/libc++abi.dylib
0x000000000474a000 	/usr/lib/system/libcache.dylib
0x000000000474a000 	/usr/lib/system/libcommonCrypto.dylib
0x000000000474a000 	/usr/lib/system/libcompiler_rt.dylib
0x000000000474a000 	/usr/lib/system/libcopyfile.dylib
0x000000000474a000 	/usr/lib/system/libcorecrypto.dylib
0x000000000474a000 	/usr/lib/system/libdispatch.dylib
0x000000000474a000 	/usr/lib/system/libdyld.dylib
0x000000000474a000 	/usr/lib/system/libkeymgr.dylib
0x000000000474a000 	/usr/lib/system/liblaunch.dylib
0x000000000474a000 	/usr/lib/system/libmacho.dylib
0x000000000474a000 	/usr/lib/system/libquarantine.dylib
0x000000000474a000 	/usr/lib/system/libremovefile.dylib
0x000000000474a000 	/usr/lib/system/libsystem_asl.dylib
0x000000000474a000 	/usr/lib/system/libsystem_blocks.dylib
0x000000000474a000 	/usr/lib/system/libsystem_c.dylib
0x000000000474a000 	/usr/lib/system/libsystem_configuration.dylib
0x000000000474a000 	/usr/lib/system/libsystem_coreservices.dylib
0x000000000474a000 	/usr/lib/system/libsystem_coretls.dylib
0x000000000474a000 	/usr/lib/system/libsystem_dnssd.dylib
0x000000000474a000 	/usr/lib/system/libsystem_info.dylib
0x000000000474a000 	/usr/lib/system/libsystem_kernel.dylib
0x000000000474a000 	/usr/lib/system/libsystem_m.dylib
0x000000000474a000 	/usr/lib/system/libsystem_malloc.dylib
0x000000000474a000 	/usr/lib/system/libsystem_network.dylib
0x000000000474a000 	/usr/lib/system/libsystem_networkextension.dylib
0x000000000474a000 	/usr/lib/system/libsystem_notify.dylib
0x000000000474a000 	/usr/lib/system/libsystem_platform.dylib
0x000000000474a000 	/usr/lib/system/libsystem_pthread.dylib
0x000000000474a000 	/usr/lib/system/libsystem_sandbox.dylib
0x000000000474a000 	/usr/lib/system/libsystem_secinit.dylib
0x000000000474a000 	/usr/lib/system/libsystem_trace.dylib
0x000000000474a000 	/usr/lib/system/libunc.dylib
0x000000000474a000 	/usr/lib/system/libunwind.dylib
0x000000000474a000 	/usr/lib/system/libxpc.dylib
0x000000000474a000 	/usr/lib/libenergytrace.dylib
0x000000000474a000 	/usr/lib/libbsm.0.dylib
0x000000000474a000 	/usr/lib/system/libkxld.dylib
0x000000000474a000 	/usr/lib/libxar.1.dylib
0x000000000474a000 	/usr/lib/libsqlite3.dylib
0x000000000474a000 	/usr/lib/libpam.2.dylib
0x000000000474a000 	/usr/lib/libOpenScriptingUtil.dylib
0x000000000474a000 	/usr/lib/libbz2.1.0.dylib
0x000000000474a000 	/usr/lib/liblzma.5.dylib
0x000000000474a000 	/System/Library/Frameworks/CoreServices.framework/Versions/A/Frameworks/FSEvents.framework/Versions/A/FSEvents
0x000000000474a000 	/System/Library/Frameworks/CoreServices.framework/Versions/A/Frameworks/CarbonCore.framework/Versions/A/CarbonCore
0x000000000474a000 	/System/Library/Frameworks/CoreServices.framework/Versions/A/Frameworks/Metadata.framework/Versions/A/Metadata
0x000000000474a000 	/System/Library/Frameworks/CoreServices.framework/Versions/A/Frameworks/OSServices.framework/Versions/A/OSServices
0x000000000474a000 	/System/Library/Frameworks/CoreServices.framework/Versions/A/Frameworks/SearchKit.framework/Versions/A/SearchKit
0x000000000474a000 	/System/Library/Frameworks/CoreServices.framework/Versions/A/Frameworks/AE.framework/Versions/A/AE
0x000000000474a000 	/System/Library/Frameworks/CoreServices.framework/Versions/A/Frameworks/LaunchServices.framework/Versions/A/LaunchServices
0x000000000474a000 	/System/Library/Frameworks/CoreServices.framework/Versions/A/Frameworks/DictionaryServices.framework/Versions/A/DictionaryServices
0x000000000474a000 	/System/Library/Frameworks/CoreServices.framework/Versions/A/Frameworks/SharedFileList.framework/Versions/A/SharedFileList
0x000000000474a000 	/System/Library/Frameworks/NetFS.framework/Versions/A/NetFS
0x000000000474a000 	/System/Library/PrivateFrameworks/NetAuth.framework/Versions/A/NetAuth
0x000000000474a000 	/System/Library/PrivateFrameworks/login.framework/Versions/A/Frameworks/loginsupport.framework/Versions/A/loginsupport
0x000000000474a000 	/System/Library/PrivateFrameworks/TCC.framework/Versions/A/TCC
0x000000000474a000 	/usr/lib/libmecabra.dylib
0x000000000474a000 	/System/Library/Frameworks/ApplicationServices.framework/Versions/A/Frameworks/ATS.framework/Versions/A/ATS
0x000000000474a000 	/System/Library/Frameworks/ApplicationServices.framework/Versions/A/Frameworks/ColorSync.framework/Versions/A/ColorSync
0x000000000474a000 	/System/Library/Frameworks/ApplicationServices.framework/Versions/A/Frameworks/HIServices.framework/Versions/A/HIServices
0x000000000474a000 	/System/Library/Frameworks/ApplicationServices.framework/Versions/A/Frameworks/LangAnalysis.framework/Versions/A/LangAnalysis
0x000000000474a000 	/System/Library/Frameworks/ApplicationServices.framework/Versions/A/Frameworks/PrintCore.framework/Versions/A/PrintCore
0x000000000474a000 	/System/Library/Frameworks/ApplicationServices.framework/Versions/A/Frameworks/QD.framework/Versions/A/QD
0x000000000474a000 	/System/Library/Frameworks/ApplicationServices.framework/Versions/A/Frameworks/SpeechSynthesis.framework/Versions/A/SpeechSynthesis
0x000000000474a000 	/System/Library/Frameworks/Metal.framework/Versions/A/Metal
0x000000000474a000 	/System/Library/Frameworks/Accelerate.framework/Versions/A/Frameworks/vImage.framework/Versions/A/vImage
0x000000000474a000 	/System/Library/Frameworks/Accelerate.framework/Versions/A/Frameworks/vecLib.framework/Versions/A/vecLib
0x000000000474a000 	/System/Library/Frameworks/Accelerate.framework/Versions/A/Frameworks/vecLib.framework/Versions/A/libvDSP.dylib
0x000000000474a000 	/System/Library/Frameworks/Accelerate.framework/Versions/A/Frameworks/vecLib.framework/Versions/A/libvMisc.dylib
0x000000000474a000 	/System/Library/Frameworks/Accelerate.framework/Versions/A/Frameworks/vecLib.framework/Versions/A/libLAPACK.dylib
0x000000000474a000 	/System/Library/Frameworks/Accelerate.framework/Versions/A/Frameworks/vecLib.framework/Versions/A/libBLAS.dylib
0x000000000474a000 	/System/Library/Frameworks/Accelerate.framework/Versions/A/Frameworks/vecLib.framework/Versions/A/libLinearAlgebra.dylib
0x000000000474a000 	/System/Library/Frameworks/Accelerate.framework/Versions/A/Frameworks/vecLib.framework/Versions/A/libSparseBLAS.dylib
0x000000000474a000 	/System/Library/PrivateFrameworks/GPUCompiler.framework/libmetal_timestamp.dylib
0x000000000474a000 	/System/Library/Frameworks/OpenGL.framework/Versions/A/Libraries/libCoreFSCache.dylib
0x000000000474a000 	/System/Library/PrivateFrameworks/IOAccelerator.framework/Versions/A/IOAccelerator
0x000000000474a000 	/System/Library/Frameworks/ApplicationServices.framework/Versions/A/Frameworks/ATS.framework/Versions/A/Resources/libFontParser.dylib
0x000000000474a000 	/System/Library/Frameworks/ApplicationServices.framework/Versions/A/Frameworks/ATS.framework/Versions/A/Resources/libFontRegistry.dylib
0x000000000474a000 	/System/Library/PrivateFrameworks/AppleVPA.framework/Versions/A/AppleVPA
0x000000000474a000 	/System/Library/PrivateFrameworks/AppleJPEG.framework/Versions/A/AppleJPEG
0x000000000474a000 	/System/Library/Frameworks/ImageIO.framework/Versions/A/Resources/libJPEG.dylib
0x000000000474a000 	/System/Library/Frameworks/ImageIO.framework/Versions/A/Resources/libTIFF.dylib
0x000000000474a000 	/System/Library/Frameworks/ImageIO.framework/Versions/A/Resources/libPng.dylib
0x000000000474a000 	/System/Library/Frameworks/ImageIO.framework/Versions/A/Resources/libGIF.dylib
0x000000000474a000 	/System/Library/Frameworks/ImageIO.framework/Versions/A/Resources/libJP2.dylib
0x000000000474a000 	/System/Library/Frameworks/ImageIO.framework/Versions/A/Resources/libRadiance.dylib
0x000000000474a000 	/System/Library/Frameworks/CoreVideo.framework/Versions/A/CoreVideo
0x000000000474a000 	/System/Library/Frameworks/OpenGL.framework/Versions/A/Libraries/libGLU.dylib
0x000000000474a000 	/System/Library/Frameworks/OpenGL.framework/Versions/A/Libraries/libGFXShared.dylib
0x000000000474a000 	/System/Library/Frameworks/OpenGL.framework/Versions/A/Libraries/libGL.dylib
0x000000000474a000 	/System/Library/Frameworks/OpenGL.framework/Versions/A/Libraries/libGLImage.dylib
0x000000000474a000 	/System/Library/Frameworks/OpenGL.framework/Versions/A/Libraries/libCVMSPluginSupport.dylib
0x000000000474a000 	/System/Library/Frameworks/OpenGL.framework/Versions/A/Libraries/libCoreVMClient.dylib
0x000000000474a000 	/usr/lib/libcups.2.dylib
0x000000000474a000 	/System/Library/Frameworks/Kerberos.framework/Versions/A/Kerberos
0x000000000474a000 	/System/Library/Frameworks/GSS.framework/Versions/A/GSS
0x000000000474a000 	/usr/lib/libresolv.9.dylib
0x000000000474a000 	/usr/lib/libiconv.2.dylib
0x000000000474a000 	/System/Library/PrivateFrameworks/Heimdal.framework/Versions/A/Heimdal
0x000000000474a000 	/usr/lib/libheimdal-asn1.dylib
0x000000000474a000 	/System/Library/Frameworks/OpenDirectory.framework/Versions/A/OpenDirectory
0x000000000474a000 	/System/Library/PrivateFrameworks/CommonAuth.framework/Versions/A/CommonAuth
0x000000000474a000 	/System/Library/Frameworks/OpenDirectory.framework/Versions/A/Frameworks/CFOpenDirectory.framework/Versions/A/CFOpenDirectory
0x000000000474a000 	/System/Library/Frameworks/SecurityFoundation.framework/Versions/A/SecurityFoundation
0x000000000474a000 	/System/Library/PrivateFrameworks/LanguageModeling.framework/Versions/A/LanguageModeling
0x000000000474a000 	/usr/lib/libmarisa.dylib
0x000000000474a000 	/usr/lib/libChineseTokenizer.dylib
0x000000000474a000 	/usr/lib/libcmph.dylib
0x000000000474a000 	/usr/lib/libcompression.dylib
0x000000000474a000 	/System/Library/Frameworks/ServiceManagement.framework/Versions/A/ServiceManagement
0x000000000474a000 	/usr/lib/libxslt.1.dylib
0x000000000474a000 	/System/Library/Frameworks/Carbon.framework/Versions/A/Frameworks/Ink.framework/Versions/A/Ink
0x000000000474a000 	/usr/lib/libFosl_dynamic.dylib
0x000000000474a000 	/System/Library/PrivateFrameworks/FaceCore.framework/Versions/A/FaceCore
0x000000000474a000 	/System/Library/Frameworks/OpenCL.framework/Versions/A/OpenCL
0x000000000474a000 	/System/Library/PrivateFrameworks/CrashReporterSupport.framework/Versions/A/CrashReporterSupport
0x000000000474a000 	/System/Library/PrivateFrameworks/IconServices.framework/Versions/A/IconServices
0x000000000474a000 	/System/Library/PrivateFrameworks/Apple80211.framework/Versions/A/Apple80211
0x000000000474a000 	/System/Library/Frameworks/CoreWLAN.framework/Versions/A/CoreWLAN
0x000000000474a000 	/System/Library/Frameworks/IOBluetooth.framework/Versions/A/IOBluetooth
0x000000000474a000 	/System/Library/PrivateFrameworks/CoreWiFi.framework/Versions/A/CoreWiFi
0x000000000474a000 	/System/Library/Frameworks/CoreBluetooth.framework/Versions/A/CoreBluetooth
0x000000000474a000 	/System/Library/PrivateFrameworks/ChunkingLibrary.framework/Versions/A/ChunkingLibrary
0x000000000474a000 	/System/Library/PrivateFrameworks/DebugSymbols.framework/Versions/A/DebugSymbols
0x000000000474a000 	/System/Library/PrivateFrameworks/CoreSymbolication.framework/Versions/A/CoreSymbolication
0x000000000474a000 	/System/Library/PrivateFrameworks/Symbolication.framework/Versions/A/Symbolication
0x000000000474a000 	/System/Library/PrivateFrameworks/SpeechRecognitionCore.framework/Versions/A/SpeechRecognitionCore
0x0000000106200000 	/Library/Java/JavaVirtualMachines/jdk1.8.0_71.jdk/Contents/Home/jre/lib/server/libjvm.dylib
0x000000000474a000 	/usr/lib/libstdc++.6.dylib
0x000000010597b000 	/Library/Java/JavaVirtualMachines/jdk1.8.0_71.jdk/Contents/Home/jre/lib/libverify.dylib
0x0000000105989000 	/Library/Java/JavaVirtualMachines/jdk1.8.0_71.jdk/Contents/Home/jre/lib/libjava.dylib
0x00000001059c8000 	/Library/Java/JavaVirtualMachines/jdk1.8.0_71.jdk/Contents/Home/jre/lib/libzip.dylib
0x000000011caa1000 	/System/Library/Frameworks/JavaVM.framework/Frameworks/JavaRuntimeSupport.framework/JavaRuntimeSupport
0x000000011cabc000 	/System/Library/Frameworks/JavaVM.framework/Versions/A/Frameworks/JavaNativeFoundation.framework/Versions/A/JavaNativeFoundation
0x000000011cad1000 	/System/Library/Frameworks/JavaVM.framework/Versions/A/JavaVM
0x000000000474a000 	/System/Library/Frameworks/Carbon.framework/Versions/A/Carbon
0x000000011cade000 	/System/Library/PrivateFrameworks/JavaLaunching.framework/Versions/A/JavaLaunching
0x000000000474a000 	/System/Library/Frameworks/Carbon.framework/Versions/A/Frameworks/CommonPanels.framework/Versions/A/CommonPanels
0x000000000474a000 	/System/Library/Frameworks/Carbon.framework/Versions/A/Frameworks/Help.framework/Versions/A/Help
0x000000000474a000 	/System/Library/Frameworks/Carbon.framework/Versions/A/Frameworks/ImageCapture.framework/Versions/A/ImageCapture
0x000000000474a000 	/System/Library/Frameworks/Carbon.framework/Versions/A/Frameworks/OpenScripting.framework/Versions/A/OpenScripting
0x000000000474a000 	/System/Library/Frameworks/Carbon.framework/Versions/A/Frameworks/Print.framework/Versions/A/Print
0x000000000474a000 	/System/Library/Frameworks/Carbon.framework/Versions/A/Frameworks/SecurityHI.framework/Versions/A/SecurityHI
0x000000011e437000 	/Library/Java/JavaVirtualMachines/jdk1.8.0_71.jdk/Contents/Home/jre/lib/libawt.dylib
0x000000011e4df000 	/Library/Java/JavaVirtualMachines/jdk1.8.0_71.jdk/Contents/Home/jre/lib/./libmlib_image.dylib
0x000000011e5ab000 	/Library/Java/JavaVirtualMachines/jdk1.8.0_71.jdk/Contents/Home/jre/lib/libawt_lwawt.dylib
0x000000011e660000 	/Library/Java/JavaVirtualMachines/jdk1.8.0_71.jdk/Contents/Home/jre/lib/./libosxapp.dylib
0x000000000474a000 	/System/Library/Frameworks/ExceptionHandling.framework/Versions/A/ExceptionHandling
0x000000000474a000 	/System/Library/PrivateFrameworks/CoreServicesInternal.framework/Versions/A/CoreServicesInternal
0x000000000474a000 	/System/Library/Frameworks/CoreGraphics.framework/Versions/A/Resources/libRIP.A.dylib
0x000000000474a000 	/System/Library/Frameworks/Accelerate.framework/Versions/A/Frameworks/vImage.framework/Versions/A/Libraries/libCGInterfaces.dylib
0x000000000474a000 	/System/Library/Frameworks/CoreGraphics.framework/Versions/A/Resources/libCGXType.A.dylib
0x000000000474a000 	/System/Library/Frameworks/OpenCL.framework/Versions/A/Libraries/libcldcpuengine.dylib
0x000000000474a000 	/System/Library/PrivateFrameworks/DiskImages.framework/Versions/A/DiskImages
0x000000000474a000 	/System/Library/Frameworks/DiscRecording.framework/Versions/A/DiscRecording
0x000000000474a000 	/usr/lib/libcsfde.dylib
0x000000000474a000 	/usr/lib/libcurl.4.dylib
0x000000000474a000 	/System/Library/PrivateFrameworks/MediaKit.framework/Versions/A/MediaKit
0x000000000474a000 	/System/Library/PrivateFrameworks/ProtectedCloudStorage.framework/Versions/A/ProtectedCloudStorage
0x000000000474a000 	/usr/lib/libCoreStorage.dylib
0x000000000474a000 	/System/Library/PrivateFrameworks/EFILogin.framework/Versions/A/EFILogin
0x000000000474a000 	/usr/lib/libutil.dylib
0x000000000474a000 	/System/Library/PrivateFrameworks/FindMyDevice.framework/Versions/A/FindMyDevice
0x000000000474a000 	/System/Library/Frameworks/LDAP.framework/Versions/A/LDAP
0x000000000474a000 	/usr/lib/libsasl2.2.dylib
0x000000000474a000 	/System/Library/PrivateFrameworks/CoreDaemon.framework/Versions/B/CoreDaemon
0x000000000474a000 	/usr/lib/libcrypto.0.9.8.dylib
0x000000000474a000 	/System/Library/PrivateFrameworks/AppleSRP.framework/Versions/A/AppleSRP
0x000000000474a000 	/System/Library/PrivateFrameworks/TrustEvaluationAgent.framework/Versions/A/TrustEvaluationAgent
0x000000012019e000 	cl_kernels
0x000000000474a000 	/System/Library/Frameworks/OpenCL.framework/Versions/A/Libraries/ImageFormats/unorm8_bgra.dylib
0x000000000474a000 	/System/Library/Frameworks/OpenCL.framework/Versions/A/Libraries/ImageFormats/unorm8_rgba.dylib
0x000000000474a000 	/System/Library/PrivateFrameworks/FamilyControls.framework/Versions/A/FamilyControls
0x000000000474a000 	/System/Library/PrivateFrameworks/CommerceKit.framework/Versions/A/Frameworks/CommerceCore.framework/Versions/A/CommerceCore
0x000000000474a000 	/System/Library/PrivateFrameworks/SystemAdministration.framework/Versions/A/SystemAdministration
0x000000000474a000 	/System/Library/PrivateFrameworks/AppContainer.framework/Versions/A/AppContainer
0x000000000474a000 	/System/Library/PrivateFrameworks/SecCodeWrapper.framework/Versions/A/SecCodeWrapper
0x000000000474a000 	/System/Library/Frameworks/DirectoryService.framework/Versions/A/DirectoryService
0x000000000474a000 	/System/Library/PrivateFrameworks/LoginUIKit.framework/Versions/A/Frameworks/LoginUICore.framework/Versions/A/LoginUICore
0x000000000474a000 	/usr/lib/libodfde.dylib
0x0000000121279000 	/Library/Java/JavaVirtualMachines/jdk1.8.0_71.jdk/Contents/Home/jre/lib/libfontmanager.dylib
0x000000000474a000 	/System/Library/Frameworks/OpenGL.framework/Versions/A/Resources/GLEngine.bundle/GLEngine
0x000000000474a000 	/System/Library/Frameworks/OpenGL.framework/Versions/A/Libraries/libGLProgrammability.dylib
0x00000001212e0000 	/System/Library/Extensions/AppleIntelBDWGraphicsGLDriver.bundle/Contents/MacOS/AppleIntelBDWGraphicsGLDriver
0x000000000474a000 	/System/Library/PrivateFrameworks/GPUSupport.framework/Versions/A/Libraries/libGPUSupportMercury.dylib
0x000000000474a000 	/System/Library/Frameworks/OpenGL.framework/Versions/A/Resources/GLRendererFloat.bundle/GLRendererFloat
0x0000000122245000 	/Library/Java/JavaVirtualMachines/jdk1.8.0_71.jdk/Contents/Home/jre/lib/libosxui.dylib
0x0000000124379000 	/Library/Java/JavaVirtualMachines/jdk1.8.0_71.jdk/Contents/Home/jre/lib/libnet.dylib
0x0000000124339000 	/Library/Java/JavaVirtualMachines/jdk1.8.0_71.jdk/Contents/Home/jre/lib/libnio.dylib
0x000000000474a000 	/System/Library/Frameworks/ApplicationServices.framework/Versions/A/Frameworks/ATS.framework/Versions/A/Resources/libTrueTypeScaler.dylib
0x0000000175400000 	/System/Library/Extensions/AppleIntelBDWGraphicsMTLDriver.bundle/Contents/MacOS/AppleIntelBDWGraphicsMTLDriver
0x0000000175b62000 	/Library/Java/JavaVirtualMachines/jdk1.8.0_71.jdk/Contents/Home/jre/lib/libdcpr.dylib
0x0000000176449000 	/private/var/folders/07/xksmqyc50f778zfv7tqt3vjw0000gn/T/libJNativeHook-2.0.3.dylib

VM Arguments:
java_command: exec.jar
java_class_path (initial): exec.jar
Launcher Type: SUN_STANDARD

Environment Variables:
JAVA_HOME=/Library/Java/JavaVirtualMachines/jdk1.8.0_71.jdk/Contents/Home
PATH=/usr/local/bin:/usr/bin:/bin:/usr/sbin:/sbin:/Users/Ganguli/Downloads/apache-maven-3.3.9/bin/
SHELL=/bin/bash

Signal Handlers:
SIGSEGV: [libjvm.dylib+0x5a68c5], sa_mask[0]=11111111011111110111111111111111, sa_flags=SA_ONSTACK|SA_RESTART|SA_SIGINFO
SIGBUS: [libjvm.dylib+0x5a68c5], sa_mask[0]=11111111011111110111111111111111, sa_flags=SA_RESTART|SA_SIGINFO
SIGFPE: [libjvm.dylib+0x4805d4], sa_mask[0]=11111111011111110111111111111111, sa_flags=SA_RESTART|SA_SIGINFO
SIGPIPE: [libjvm.dylib+0x4805d4], sa_mask[0]=11111111011111110111111111111111, sa_flags=SA_RESTART|SA_SIGINFO
SIGXFSZ: [libjvm.dylib+0x4805d4], sa_mask[0]=11111111011111110111111111111111, sa_flags=SA_RESTART|SA_SIGINFO
SIGILL: [libjvm.dylib+0x4805d4], sa_mask[0]=11111111011111110111111111111111, sa_flags=SA_RESTART|SA_SIGINFO
SIGUSR1: SIG_DFL, sa_mask[0]=11011111011111100000000111000110, sa_flags=none
SIGUSR2: [libjvm.dylib+0x4800f2], sa_mask[0]=00000000000000000000000000000000, sa_flags=SA_RESTART|SA_SIGINFO
SIGHUP: [libjvm.dylib+0x47e6c9], sa_mask[0]=11111111011111110111111111111111, sa_flags=SA_RESTART|SA_SIGINFO
SIGINT: [libjvm.dylib+0x47e6c9], sa_mask[0]=11111111011111110111111111111111, sa_flags=SA_RESTART|SA_SIGINFO
SIGTERM: [libjvm.dylib+0x47e6c9], sa_mask[0]=11111111011111110111111111111111, sa_flags=SA_RESTART|SA_SIGINFO
SIGQUIT: [libjvm.dylib+0x47e6c9], sa_mask[0]=11111111011111110111111111111111, sa_flags=SA_RESTART|SA_SIGINFO


---------------  S Y S T E M  ---------------

OS:Bsduname:Darwin 15.2.0 Darwin Kernel Version 15.2.0: Fri Nov 13 19:56:56 PST 2015; root:xnu-3248.20.55~2/RELEASE_X86_64 x86_64
rlimit: STACK 8192k, CORE 0k, NPROC 709, NOFILE 10240, AS infinity
load average:5.56 3.02 2.45

CPU:total 4 (2 cores per cpu, 2 threads per core) family 6 model 61 stepping 4, cmov, cx8, fxsr, mmx, sse, sse2, sse3, ssse3, sse4.1, sse4.2, popcnt, avx, avx2, aes, clmul, erms, 3dnowpref, lzcnt, ht, tsc, tscinvbit, bmi1, bmi2, adx

Memory: 4k page, physical 8388608k(45052k free)

/proc/meminfo:


vm_info: Java HotSpot(TM) 64-Bit Server VM (25.71-b15) for bsd-amd64 JRE (1.8.0_71-b15), built on Dec 22 2015 15:11:44 by "java_re" with gcc 4.2.1 (Based on Apple Inc. build 5658) (LLVM build 2336.11.00)

time: Thu Aug  4 02:09:32 2016
elapsed time: 606 seconds (0d 0h 10m 6s)

